<?xml version="1.0" encoding="UTF-8"?>
<testsuite name="com.parinder.data.driven.tests.LoginTest" tests="2" skipped="0" failures="0" errors="0" timestamp="2020-10-12T22:17:53" hostname="DESKTOP-BS2JD8C" time="52.949">
  <properties/>
  <testcase name="testLogin" classname="com.parinder.data.driven.tests.LoginTest" time="27.367"/>
  <testcase name="testLoginWithExcelData" classname="com.parinder.data.driven.tests.LoginTest" time="25.58"/>
  <system-out><![CDATA[]]></system-out>
  <system-err><![CDATA[Starting ChromeDriver 85.0.4183.87 (cd6713ebf92fa1cacc0f1a598df280093af0c5d7-refs/branch-heads/4183@{#1689}) on port 46122
Only local connections are allowed.
Please see https://chromedriver.chromium.org/security-considerations for suggestions on keeping ChromeDriver safe.
ChromeDriver was started successfully.
Oct 12, 2020 6:17:59 PM org.openqa.selenium.remote.ProtocolHandshake createSession
INFO: Detected dialect: W3C
Starting ChromeDriver 85.0.4183.87 (cd6713ebf92fa1cacc0f1a598df280093af0c5d7-refs/branch-heads/4183@{#1689}) on port 40296
Only local connections are allowed.
Please see https://chromedriver.chromium.org/security-considerations for suggestions on keeping ChromeDriver safe.
ChromeDriver was started successfully.
Oct 12, 2020 6:18:24 PM org.openqa.selenium.remote.ProtocolHandshake createSession
INFO: Detected dialect: W3C
]]></system-err>
</testsuite>
